<?xml version="1.0" encoding="UTF-8"?>
<testsuite name="edu.uoc.mecm.eda.tests.RearrangeTest" tests="4" skipped="0" failures="4" errors="0" timestamp="2022-10-11T13:07:07" hostname="MBP-16-M1-Max-WiFi" time="0.091">
  <properties/>
  <testcase name="rearrangeNullInputException" classname="edu.uoc.mecm.eda.tests.RearrangeTest" time="0.02">
    <failure message="Expected exception of type 'java.lang.IllegalArgumentException', but no exception was thrown" type="org.spockframework.runtime.WrongExceptionThrownError">Expected exception of type 'java.lang.IllegalArgumentException', but no exception was thrown
	at org.spockframework.lang.SpecInternals.checkExceptionThrown(SpecInternals.java:80)
	at org.spockframework.lang.SpecInternals.thrownImpl(SpecInternals.java:67)
	at java.base/jdk.internal.reflect.NativeMethodAccessorImpl.invoke(NativeMethodAccessorImpl.java:62)
	at java.base/jdk.internal.reflect.DelegatingMethodAccessorImpl.invoke(DelegatingMethodAccessorImpl.java:43)
	at edu.uoc.mecm.eda.tests.RearrangeTest.rearrangeNullInputException(RearrangeTest.groovy:28)
</failure>
  </testcase>
  <testcase name="rearrangeTest()[0]" classname="edu.uoc.mecm.eda.tests.RearrangeTest" time="0.006">
    <failure message="Condition not satisfied:&#10;&#10;m.rearrange (q) == (res)&#10;| |          |  |  |&#10;| null       |  |  [-8, -3, -2, -1, 3, 10]&#10;|            |  false&#10;|            [-1, -2, -3, 3, 10, -8]&#10;&lt;edu.uoc.mecm.eda.pac1.exercise5.Rearrange@2aa0fdda&gt;&#10;" type="org.spockframework.runtime.SpockComparisonFailure">Condition not satisfied:

m.rearrange (q) == (res)
| |          |  |  |
| null       |  |  [-8, -3, -2, -1, 3, 10]
|            |  false
|            [-1, -2, -3, 3, 10, -8]
&lt;edu.uoc.mecm.eda.pac1.exercise5.Rearrange@2aa0fdda&gt;

	at edu.uoc.mecm.eda.tests.RearrangeTest.rearrangeTest()(RearrangeTest.groovy:43)
</failure>
  </testcase>
  <testcase name="rearrangeTest()[1]" classname="edu.uoc.mecm.eda.tests.RearrangeTest" time="0.004">
    <failure message="Condition not satisfied:&#10;&#10;m.rearrange (q) == (res)&#10;| |          |  |  |&#10;| null       |  |  [-31, -28, -15, -8, -6, 3, 12, 28, 30, 33]&#10;|            |  false&#10;|            [3, -6, -8, 12, -15, 28, -28, 30, -31, 33]&#10;&lt;edu.uoc.mecm.eda.pac1.exercise5.Rearrange@2432990d&gt;&#10;" type="org.spockframework.runtime.SpockComparisonFailure">Condition not satisfied:

m.rearrange (q) == (res)
| |          |  |  |
| null       |  |  [-31, -28, -15, -8, -6, 3, 12, 28, 30, 33]
|            |  false
|            [3, -6, -8, 12, -15, 28, -28, 30, -31, 33]
&lt;edu.uoc.mecm.eda.pac1.exercise5.Rearrange@2432990d&gt;

	at edu.uoc.mecm.eda.tests.RearrangeTest.rearrangeTest()(RearrangeTest.groovy:43)
</failure>
  </testcase>
  <testcase name="rearrangeTest()[2]" classname="edu.uoc.mecm.eda.tests.RearrangeTest" time="0.002">
    <failure message="Condition not satisfied:&#10;&#10;m.rearrange (q) == (res)&#10;| |          |  |  |&#10;| null       |  |  [-15, -8, -5, -2, 1, 2, 4, 8, 12, 23]&#10;|            |  false&#10;|            [1, 2, -2, 4, -5, 8, -8, 12, -15, 23]&#10;&lt;edu.uoc.mecm.eda.pac1.exercise5.Rearrange@3fa7ef82&gt;&#10;" type="org.spockframework.runtime.SpockComparisonFailure">Condition not satisfied:

m.rearrange (q) == (res)
| |          |  |  |
| null       |  |  [-15, -8, -5, -2, 1, 2, 4, 8, 12, 23]
|            |  false
|            [1, 2, -2, 4, -5, 8, -8, 12, -15, 23]
&lt;edu.uoc.mecm.eda.pac1.exercise5.Rearrange@3fa7ef82&gt;

	at edu.uoc.mecm.eda.tests.RearrangeTest.rearrangeTest()(RearrangeTest.groovy:43)
</failure>
  </testcase>
  <system-out><![CDATA[]]></system-out>
  <system-err><![CDATA[]]></system-err>
</testsuite>
