<?xml version="1.0" encoding="UTF-8"?>
<testsuite name="edu.uoc.mecm.eda.tests.TextEditorBufferTest" tests="3" skipped="0" failures="3" errors="0" timestamp="2022-10-11T13:07:07" hostname="MBP-16-M1-Max-WiFi" time="0.03">
  <properties/>
  <testcase name="test text editor buffer implementation" classname="edu.uoc.mecm.eda.tests.TextEditorBufferTest" time="0.028">
    <failure message="Condition not satisfied:&#10;&#10;isEmpty1&#10;|&#10;false&#10;" type="org.spockframework.runtime.ConditionNotSatisfiedError">Condition not satisfied:

isEmpty1
|
false

	at edu.uoc.mecm.eda.tests.TextEditorBufferTest.test text editor buffer implementation(TextEditorBufferTest.groovy:49)
</failure>
  </testcase>
  <testcase name="test exception on delete" classname="edu.uoc.mecm.eda.tests.TextEditorBufferTest" time="0.001">
    <failure message="Expected exception of type 'java.util.NoSuchElementException', but no exception was thrown" type="org.spockframework.runtime.WrongExceptionThrownError">Expected exception of type 'java.util.NoSuchElementException', but no exception was thrown
	at org.spockframework.lang.SpecInternals.checkExceptionThrown(SpecInternals.java:80)
	at org.spockframework.lang.SpecInternals.thrownImpl(SpecInternals.java:67)
	at java.base/jdk.internal.reflect.NativeMethodAccessorImpl.invoke(NativeMethodAccessorImpl.java:62)
	at java.base/jdk.internal.reflect.DelegatingMethodAccessorImpl.invoke(DelegatingMethodAccessorImpl.java:43)
	at edu.uoc.mecm.eda.tests.TextEditorBufferTest.test exception on delete(TextEditorBufferTest.groovy:68)
</failure>
  </testcase>
  <testcase name="test exception on get" classname="edu.uoc.mecm.eda.tests.TextEditorBufferTest" time="0.001">
    <failure message="Expected exception of type 'java.util.NoSuchElementException', but no exception was thrown" type="org.spockframework.runtime.WrongExceptionThrownError">Expected exception of type 'java.util.NoSuchElementException', but no exception was thrown
	at org.spockframework.lang.SpecInternals.checkExceptionThrown(SpecInternals.java:80)
	at org.spockframework.lang.SpecInternals.thrownImpl(SpecInternals.java:67)
	at java.base/jdk.internal.reflect.NativeMethodAccessorImpl.invoke(NativeMethodAccessorImpl.java:62)
	at java.base/jdk.internal.reflect.DelegatingMethodAccessorImpl.invoke(DelegatingMethodAccessorImpl.java:43)
	at edu.uoc.mecm.eda.tests.TextEditorBufferTest.test exception on get(TextEditorBufferTest.groovy:81)
</failure>
  </testcase>
  <system-out><![CDATA[]]></system-out>
  <system-err><![CDATA[]]></system-err>
</testsuite>
